2018-07-20 21:14:04  [ main:0 ] - [ INFO ]  濮
2018-07-20 21:14:35  [ main:0 ] - [ INFO ]  濮
2018-07-20 21:14:35  [ main:0 ] - [ INFO ]  濮
2018-07-20 22:47:06  [ main:0 ] - [ INFO ]  _始
2018-07-20 22:47:06  [ main:0 ] - [ INFO ]  _始
2018-07-20 22:47:28  [ main:0 ] - [ INFO ]  _始
2018-07-20 22:47:28  [ main:0 ] - [ INFO ]  _始
2018-07-21 09:18:19  [ main:0 ] - [ INFO ]  濮
2018-07-21 09:18:19  [ main:0 ] - [ INFO ]  濮
2018-07-21 09:23:29  [ main:0 ] - [ INFO ]  _始
2018-07-21 09:23:29  [ main:0 ] - [ INFO ]  _始
2018-07-21 09:34:57  [ main:0 ] - [ INFO ]  濮
2018-07-21 09:34:57  [ main:0 ] - [ INFO ]  濮
2018-07-21 09:39:44  [ main:0 ] - [ INFO ]  濮
2018-07-21 09:39:44  [ main:0 ] - [ INFO ]  濮
2018-07-21 09:42:16  [ main:0 ] - [ INFO ]  濮2
2018-07-21 09:42:16  [ main:0 ] - [ INFO ]  濮2
2018-07-21 09:43:59  [ main:1 ] - [ INFO ]  濮2
2018-07-21 09:43:59  [ main:1 ] - [ INFO ]  濮2
2018-07-21 10:01:09  [ main:0 ] - [ INFO ]  濮2
2018-07-21 10:01:09  [ main:0 ] - [ INFO ]  濮2
2018-07-21 10:29:59  [ main:0 ] - [ INFO ]  濮2
2018-07-21 10:29:59  [ main:0 ] - [ INFO ]  濮2
2018-07-21 10:30:13  [ main:13739 ] - [ DEBUG ]  Couldn't find template in cache for "Extent.ftl"("zh_CN", UTF-8, parsed); will try to load it.
2018-07-21 10:30:13  [ main:13741 ] - [ DEBUG ]  TemplateLoader.findTemplateSource("Extent_zh_CN.ftl"): Not found
2018-07-21 10:30:13  [ main:13743 ] - [ DEBUG ]  TemplateLoader.findTemplateSource("Extent_zh.ftl"): Not found
2018-07-21 10:30:13  [ main:13744 ] - [ DEBUG ]  TemplateLoader.findTemplateSource("Extent.ftl"): Found
2018-07-21 10:30:13  [ main:13745 ] - [ DEBUG ]  Loading template for "Extent.ftl"("zh_CN", UTF-8, parsed) from "jar:file:/E:/repository/com/relevantcodes/extentreports/2.40.2/extentreports-2.40.2.jar!/com/relevantcodes/extentreports/view/Extent.ftl"
2018-07-21 10:30:13  [ main:14207 ] - [ DEBUG ]  Couldn't find template in cache for "Extent.ftl"("zh_CN", UTF-8, parsed); will try to load it.
2018-07-21 10:30:13  [ main:14208 ] - [ DEBUG ]  TemplateLoader.findTemplateSource("Extent_zh_CN.ftl"): Not found
2018-07-21 10:30:13  [ main:14208 ] - [ DEBUG ]  TemplateLoader.findTemplateSource("Extent_zh.ftl"): Not found
2018-07-21 10:30:13  [ main:14209 ] - [ DEBUG ]  TemplateLoader.findTemplateSource("Extent.ftl"): Found
2018-07-21 10:30:13  [ main:14209 ] - [ DEBUG ]  Loading template for "Extent.ftl"("zh_CN", UTF-8, parsed) from "jar:file:/E:/repository/com/relevantcodes/extentreports/2.40.2/extentreports-2.40.2.jar!/com/relevantcodes/extentreports/view/Extent.ftl"
2018-07-21 10:46:49  [ main:1 ] - [ INFO ]  濮2
2018-07-21 10:46:49  [ main:1 ] - [ INFO ]  濮2
2018-07-21 10:53:45  [ main:1 ] - [ INFO ]  濮2
2018-07-21 10:53:45  [ main:1 ] - [ INFO ]  濮2
2018-07-21 11:04:04  [ main:0 ] - [ INFO ]  濮2
2018-07-21 11:04:04  [ main:0 ] - [ INFO ]  濮2
2018-07-21 11:09:32  [ main:0 ] - [ INFO ]  濮2
2018-07-21 11:09:32  [ main:0 ] - [ INFO ]  濮2
2018-07-21 11:11:54  [ main:0 ] - [ INFO ]  濮2
2018-07-21 11:11:54  [ main:0 ] - [ INFO ]  濮2
2018-07-21 11:15:58  [ main:0 ] - [ INFO ]  濮2
2018-07-21 11:15:58  [ main:0 ] - [ INFO ]  濮2
2018-07-21 11:16:18  [ main:0 ] - [ INFO ]  濮2
2018-07-21 11:16:18  [ main:0 ] - [ INFO ]  濮2
2018-07-21 11:17:17  [ main:0 ] - [ INFO ]  濮2
2018-07-21 11:17:17  [ main:0 ] - [ INFO ]  濮2
2018-07-21 11:18:07  [ main:0 ] - [ INFO ]  濮2
2018-07-21 11:18:07  [ main:0 ] - [ INFO ]  濮2
2018-07-21 11:24:19  [ main:0 ] - [ INFO ]  濮2
2018-07-21 11:24:19  [ main:0 ] - [ INFO ]  濮2
2018-07-21 11:24:33  [ main:13249 ] - [ DEBUG ]  Couldn't find template in cache for "Extent.ftl"("zh_CN", UTF-8, parsed); will try to load it.
2018-07-21 11:24:33  [ main:13250 ] - [ DEBUG ]  TemplateLoader.findTemplateSource("Extent_zh_CN.ftl"): Not found
2018-07-21 11:24:33  [ main:13251 ] - [ DEBUG ]  TemplateLoader.findTemplateSource("Extent_zh.ftl"): Not found
2018-07-21 11:24:33  [ main:13252 ] - [ DEBUG ]  TemplateLoader.findTemplateSource("Extent.ftl"): Found
2018-07-21 11:24:33  [ main:13253 ] - [ DEBUG ]  Loading template for "Extent.ftl"("zh_CN", UTF-8, parsed) from "jar:file:/E:/repository/com/relevantcodes/extentreports/2.40.2/extentreports-2.40.2.jar!/com/relevantcodes/extentreports/view/Extent.ftl"
2018-07-21 11:24:33  [ main:13767 ] - [ DEBUG ]  Couldn't find template in cache for "Extent.ftl"("zh_CN", UTF-8, parsed); will try to load it.
2018-07-21 11:24:33  [ main:13768 ] - [ DEBUG ]  TemplateLoader.findTemplateSource("Extent_zh_CN.ftl"): Not found
2018-07-21 11:24:33  [ main:13768 ] - [ DEBUG ]  TemplateLoader.findTemplateSource("Extent_zh.ftl"): Not found
2018-07-21 11:24:33  [ main:13768 ] - [ DEBUG ]  TemplateLoader.findTemplateSource("Extent.ftl"): Found
2018-07-21 11:24:33  [ main:13769 ] - [ DEBUG ]  Loading template for "Extent.ftl"("zh_CN", UTF-8, parsed) from "jar:file:/E:/repository/com/relevantcodes/extentreports/2.40.2/extentreports-2.40.2.jar!/com/relevantcodes/extentreports/view/Extent.ftl"
2018-07-25 14:02:38  [ main:0 ] - [ INFO ]  濮2
2018-07-25 14:02:38  [ main:0 ] - [ INFO ]  濮2
2018-07-25 14:02:53  [ main:15076 ] - [ DEBUG ]  Couldn't find template in cache for "Extent.ftl"("zh_CN", UTF-8, parsed); will try to load it.
2018-07-25 14:02:53  [ main:15077 ] - [ DEBUG ]  TemplateLoader.findTemplateSource("Extent_zh_CN.ftl"): Not found
2018-07-25 14:02:53  [ main:15078 ] - [ DEBUG ]  TemplateLoader.findTemplateSource("Extent_zh.ftl"): Not found
2018-07-25 14:02:53  [ main:15080 ] - [ DEBUG ]  TemplateLoader.findTemplateSource("Extent.ftl"): Found
2018-07-25 14:02:53  [ main:15080 ] - [ DEBUG ]  Loading template for "Extent.ftl"("zh_CN", UTF-8, parsed) from "jar:file:/E:/repository/com/relevantcodes/extentreports/2.40.2/extentreports-2.40.2.jar!/com/relevantcodes/extentreports/view/Extent.ftl"
2018-07-25 14:02:54  [ main:15861 ] - [ DEBUG ]  Couldn't find template in cache for "Extent.ftl"("zh_CN", UTF-8, parsed); will try to load it.
2018-07-25 14:02:54  [ main:15863 ] - [ DEBUG ]  TemplateLoader.findTemplateSource("Extent_zh_CN.ftl"): Not found
2018-07-25 14:02:54  [ main:15864 ] - [ DEBUG ]  TemplateLoader.findTemplateSource("Extent_zh.ftl"): Not found
2018-07-25 14:02:54  [ main:15865 ] - [ DEBUG ]  TemplateLoader.findTemplateSource("Extent.ftl"): Found
2018-07-25 14:02:54  [ main:15866 ] - [ DEBUG ]  Loading template for "Extent.ftl"("zh_CN", UTF-8, parsed) from "jar:file:/E:/repository/com/relevantcodes/extentreports/2.40.2/extentreports-2.40.2.jar!/com/relevantcodes/extentreports/view/Extent.ftl"
2018-07-26 13:31:27  [ main:0 ] - [ INFO ]  濮2
2018-07-26 13:31:27  [ main:0 ] - [ INFO ]  濮2
2018-07-26 13:31:39  [ main:12031 ] - [ DEBUG ]  Couldn't find template in cache for "Extent.ftl"("zh_CN", UTF-8, parsed); will try to load it.
2018-07-26 13:31:39  [ main:12032 ] - [ DEBUG ]  TemplateLoader.findTemplateSource("Extent_zh_CN.ftl"): Not found
2018-07-26 13:31:39  [ main:12034 ] - [ DEBUG ]  TemplateLoader.findTemplateSource("Extent_zh.ftl"): Not found
2018-07-26 13:31:39  [ main:12035 ] - [ DEBUG ]  TemplateLoader.findTemplateSource("Extent.ftl"): Found
2018-07-26 13:31:39  [ main:12035 ] - [ DEBUG ]  Loading template for "Extent.ftl"("zh_CN", UTF-8, parsed) from "jar:file:/E:/repository/com/relevantcodes/extentreports/2.40.2/extentreports-2.40.2.jar!/com/relevantcodes/extentreports/view/Extent.ftl"
2018-07-26 13:31:40  [ main:12627 ] - [ DEBUG ]  Couldn't find template in cache for "Extent.ftl"("zh_CN", UTF-8, parsed); will try to load it.
2018-07-26 13:31:40  [ main:12628 ] - [ DEBUG ]  TemplateLoader.findTemplateSource("Extent_zh_CN.ftl"): Not found
2018-07-26 13:31:40  [ main:12628 ] - [ DEBUG ]  TemplateLoader.findTemplateSource("Extent_zh.ftl"): Not found
2018-07-26 13:31:40  [ main:12629 ] - [ DEBUG ]  TemplateLoader.findTemplateSource("Extent.ftl"): Found
2018-07-26 13:31:40  [ main:12629 ] - [ DEBUG ]  Loading template for "Extent.ftl"("zh_CN", UTF-8, parsed) from "jar:file:/E:/repository/com/relevantcodes/extentreports/2.40.2/extentreports-2.40.2.jar!/com/relevantcodes/extentreports/view/Extent.ftl"
2018-07-26 13:35:08  [ main:0 ] - [ INFO ]  濮2
2018-07-26 13:35:08  [ main:0 ] - [ INFO ]  濮2
2018-07-26 13:35:21  [ main:12730 ] - [ DEBUG ]  Couldn't find template in cache for "Extent.ftl"("zh_CN", UTF-8, parsed); will try to load it.
2018-07-26 13:35:21  [ main:12731 ] - [ DEBUG ]  TemplateLoader.findTemplateSource("Extent_zh_CN.ftl"): Not found
2018-07-26 13:35:21  [ main:12732 ] - [ DEBUG ]  TemplateLoader.findTemplateSource("Extent_zh.ftl"): Not found
2018-07-26 13:35:21  [ main:12733 ] - [ DEBUG ]  TemplateLoader.findTemplateSource("Extent.ftl"): Found
2018-07-26 13:35:21  [ main:12734 ] - [ DEBUG ]  Loading template for "Extent.ftl"("zh_CN", UTF-8, parsed) from "jar:file:/E:/repository/com/relevantcodes/extentreports/2.40.2/extentreports-2.40.2.jar!/com/relevantcodes/extentreports/view/Extent.ftl"
2018-07-26 13:35:21  [ main:13222 ] - [ DEBUG ]  Couldn't find template in cache for "Extent.ftl"("zh_CN", UTF-8, parsed); will try to load it.
2018-07-26 13:35:21  [ main:13223 ] - [ DEBUG ]  TemplateLoader.findTemplateSource("Extent_zh_CN.ftl"): Not found
2018-07-26 13:35:21  [ main:13223 ] - [ DEBUG ]  TemplateLoader.findTemplateSource("Extent_zh.ftl"): Not found
2018-07-26 13:35:21  [ main:13224 ] - [ DEBUG ]  TemplateLoader.findTemplateSource("Extent.ftl"): Found
2018-07-26 13:35:21  [ main:13224 ] - [ DEBUG ]  Loading template for "Extent.ftl"("zh_CN", UTF-8, parsed) from "jar:file:/E:/repository/com/relevantcodes/extentreports/2.40.2/extentreports-2.40.2.jar!/com/relevantcodes/extentreports/view/Extent.ftl"
2018-07-26 14:52:59  [ main:0 ] - [ INFO ]  濮2
2018-07-26 14:52:59  [ main:0 ] - [ INFO ]  濮2
2018-07-26 14:54:48  [ main:0 ] - [ INFO ]  濮2
2018-07-26 14:54:48  [ main:0 ] - [ INFO ]  濮2
2018-07-26 14:59:09  [ main:0 ] - [ INFO ]  濮2
2018-07-26 14:59:09  [ main:0 ] - [ INFO ]  濮2
2018-07-26 17:54:52  [ main:0 ] - [ INFO ]  濮2
2018-07-26 17:54:52  [ main:0 ] - [ INFO ]  濮2
2018-07-26 17:55:05  [ main:13134 ] - [ DEBUG ]  Couldn't find template in cache for "index.ftl"("en", UTF-8, parsed); will try to load it.
2018-07-26 17:55:05  [ main:13135 ] - [ DEBUG ]  TemplateLoader.findTemplateSource("index_en.ftl"): Not found
2018-07-26 17:55:05  [ main:13150 ] - [ DEBUG ]  TemplateLoader.findTemplateSource("index.ftl"): Found
2018-07-26 17:55:05  [ main:13151 ] - [ DEBUG ]  Loading template for "index.ftl"("en", UTF-8, parsed) from "jar:file:/E:/repository/com/aventstack/extentreports/3.1.1/extentreports-3.1.1.jar!/com/aventstack/extentreports/view/html-report/index.ftl"
2018-07-26 17:55:05  [ main:13320 ] - [ DEBUG ]  Couldn't find template in cache for "head.ftl"("en", UTF-8, parsed); will try to load it.
2018-07-26 17:55:05  [ main:13321 ] - [ DEBUG ]  TemplateLoader.findTemplateSource("head_en.ftl"): Not found
2018-07-26 17:55:05  [ main:13321 ] - [ DEBUG ]  TemplateLoader.findTemplateSource("head.ftl"): Found
2018-07-26 17:55:05  [ main:13321 ] - [ DEBUG ]  Loading template for "head.ftl"("en", UTF-8, parsed) from "jar:file:/E:/repository/com/aventstack/extentreports/3.1.1/extentreports-3.1.1.jar!/com/aventstack/extentreports/view/html-report/head.ftl"
2018-07-26 17:55:05  [ main:13323 ] - [ DEBUG ]  Couldn't find template in cache for "nav.ftl"("en", UTF-8, parsed); will try to load it.
2018-07-26 17:55:05  [ main:13324 ] - [ DEBUG ]  TemplateLoader.findTemplateSource("nav_en.ftl"): Not found
2018-07-26 17:55:05  [ main:13324 ] - [ DEBUG ]  TemplateLoader.findTemplateSource("nav.ftl"): Found
2018-07-26 17:55:05  [ main:13324 ] - [ DEBUG ]  Loading template for "nav.ftl"("en", UTF-8, parsed) from "jar:file:/E:/repository/com/aventstack/extentreports/3.1.1/extentreports-3.1.1.jar!/com/aventstack/extentreports/view/html-report/nav.ftl"
2018-07-26 17:55:05  [ main:13330 ] - [ DEBUG ]  Couldn't find template in cache for "test-view/test-view.ftl"("en", UTF-8, parsed); will try to load it.
2018-07-26 17:55:05  [ main:13330 ] - [ DEBUG ]  TemplateLoader.findTemplateSource("test-view/test-view_en.ftl"): Not found
2018-07-26 17:55:05  [ main:13331 ] - [ DEBUG ]  TemplateLoader.findTemplateSource("test-view/test-view.ftl"): Found
2018-07-26 17:55:05  [ main:13332 ] - [ DEBUG ]  Loading template for "test-view/test-view.ftl"("en", UTF-8, parsed) from "jar:file:/E:/repository/com/aventstack/extentreports/3.1.1/extentreports-3.1.1.jar!/com/aventstack/extentreports/view/html-report/test-view/test-view.ftl"
2018-07-26 17:55:05  [ main:13343 ] - [ DEBUG ]  Couldn't find template in cache for "test-view/test-view-charts.ftl"("en", UTF-8, parsed); will try to load it.
2018-07-26 17:55:05  [ main:13344 ] - [ DEBUG ]  TemplateLoader.findTemplateSource("test-view/test-view-charts_en.ftl"): Not found
2018-07-26 17:55:05  [ main:13347 ] - [ DEBUG ]  TemplateLoader.findTemplateSource("test-view/test-view-charts.ftl"): Found
2018-07-26 17:55:05  [ main:13347 ] - [ DEBUG ]  Loading template for "test-view/test-view-charts.ftl"("en", UTF-8, parsed) from "jar:file:/E:/repository/com/aventstack/extentreports/3.1.1/extentreports-3.1.1.jar!/com/aventstack/extentreports/view/html-report/test-view/test-view-charts.ftl"
2018-07-26 17:55:05  [ main:13357 ] - [ DEBUG ]  Couldn't find template in cache for "test-view/standard.ftl"("en", UTF-8, parsed); will try to load it.
2018-07-26 17:55:05  [ main:13358 ] - [ DEBUG ]  TemplateLoader.findTemplateSource("test-view/standard_en.ftl"): Not found
2018-07-26 17:55:05  [ main:13359 ] - [ DEBUG ]  TemplateLoader.findTemplateSource("test-view/standard.ftl"): Found
2018-07-26 17:55:05  [ main:13359 ] - [ DEBUG ]  Loading template for "test-view/standard.ftl"("en", UTF-8, parsed) from "jar:file:/E:/repository/com/aventstack/extentreports/3.1.1/extentreports-3.1.1.jar!/com/aventstack/extentreports/view/html-report/test-view/standard.ftl"
2018-07-26 17:55:05  [ main:13369 ] - [ DEBUG ]  Couldn't find template in cache for "category-view/category-view.ftl"("en", UTF-8, parsed); will try to load it.
2018-07-26 17:55:05  [ main:13370 ] - [ DEBUG ]  TemplateLoader.findTemplateSource("category-view/category-view_en.ftl"): Not found
2018-07-26 17:55:05  [ main:13371 ] - [ DEBUG ]  TemplateLoader.findTemplateSource("category-view/category-view.ftl"): Found
2018-07-26 17:55:05  [ main:13371 ] - [ DEBUG ]  Loading template for "category-view/category-view.ftl"("en", UTF-8, parsed) from "jar:file:/E:/repository/com/aventstack/extentreports/3.1.1/extentreports-3.1.1.jar!/com/aventstack/extentreports/view/html-report/category-view/category-view.ftl"
2018-07-26 17:55:05  [ main:13374 ] - [ DEBUG ]  Couldn't find template in cache for "author-view/author-view.ftl"("en", UTF-8, parsed); will try to load it.
2018-07-26 17:55:05  [ main:13375 ] - [ DEBUG ]  TemplateLoader.findTemplateSource("author-view/author-view_en.ftl"): Not found
2018-07-26 17:55:05  [ main:13375 ] - [ DEBUG ]  TemplateLoader.findTemplateSource("author-view/author-view.ftl"): Found
2018-07-26 17:55:05  [ main:13375 ] - [ DEBUG ]  Loading template for "author-view/author-view.ftl"("en", UTF-8, parsed) from "jar:file:/E:/repository/com/aventstack/extentreports/3.1.1/extentreports-3.1.1.jar!/com/aventstack/extentreports/view/html-report/author-view/author-view.ftl"
2018-07-26 17:55:05  [ main:13383 ] - [ DEBUG ]  Couldn't find template in cache for "exception-view/exception-view.ftl"("en", UTF-8, parsed); will try to load it.
2018-07-26 17:55:05  [ main:13384 ] - [ DEBUG ]  TemplateLoader.findTemplateSource("exception-view/exception-view_en.ftl"): Not found
2018-07-26 17:55:05  [ main:13384 ] - [ DEBUG ]  TemplateLoader.findTemplateSource("exception-view/exception-view.ftl"): Found
2018-07-26 17:55:05  [ main:13385 ] - [ DEBUG ]  Loading template for "exception-view/exception-view.ftl"("en", UTF-8, parsed) from "jar:file:/E:/repository/com/aventstack/extentreports/3.1.1/extentreports-3.1.1.jar!/com/aventstack/extentreports/view/html-report/exception-view/exception-view.ftl"
2018-07-26 17:55:05  [ main:13388 ] - [ DEBUG ]  Couldn't find template in cache for "dashboard-view/dashboard-view.ftl"("en", UTF-8, parsed); will try to load it.
2018-07-26 17:55:05  [ main:13388 ] - [ DEBUG ]  TemplateLoader.findTemplateSource("dashboard-view/dashboard-view_en.ftl"): Not found
2018-07-26 17:55:05  [ main:13389 ] - [ DEBUG ]  TemplateLoader.findTemplateSource("dashboard-view/dashboard-view.ftl"): Found
2018-07-26 17:55:05  [ main:13390 ] - [ DEBUG ]  Loading template for "dashboard-view/dashboard-view.ftl"("en", UTF-8, parsed) from "jar:file:/E:/repository/com/aventstack/extentreports/3.1.1/extentreports-3.1.1.jar!/com/aventstack/extentreports/view/html-report/dashboard-view/dashboard-view.ftl"
2018-07-26 17:55:05  [ main:13393 ] - [ DEBUG ]  Couldn't find template in cache for "logs-view/testrunner-logs-view.ftl"("en", UTF-8, parsed); will try to load it.
2018-07-26 17:55:05  [ main:13395 ] - [ DEBUG ]  TemplateLoader.findTemplateSource("logs-view/testrunner-logs-view_en.ftl"): Not found
2018-07-26 17:55:05  [ main:13396 ] - [ DEBUG ]  TemplateLoader.findTemplateSource("logs-view/testrunner-logs-view.ftl"): Found
2018-07-26 17:55:05  [ main:13396 ] - [ DEBUG ]  Loading template for "logs-view/testrunner-logs-view.ftl"("en", UTF-8, parsed) from "jar:file:/E:/repository/com/aventstack/extentreports/3.1.1/extentreports-3.1.1.jar!/com/aventstack/extentreports/view/html-report/logs-view/testrunner-logs-view.ftl"
2018-07-27 14:15:26  [ main:0 ] - [ INFO ]  濮2
2018-07-27 14:15:26  [ main:0 ] - [ INFO ]  濮2
2018-07-27 14:15:42  [ main:15550 ] - [ DEBUG ]  Couldn't find template in cache for "index.ftl"("en", UTF-8, parsed); will try to load it.
2018-07-27 14:15:42  [ main:15551 ] - [ DEBUG ]  TemplateLoader.findTemplateSource("index_en.ftl"): Not found
2018-07-27 14:15:42  [ main:15553 ] - [ DEBUG ]  TemplateLoader.findTemplateSource("index.ftl"): Found
2018-07-27 14:15:42  [ main:15553 ] - [ DEBUG ]  Loading template for "index.ftl"("en", UTF-8, parsed) from "jar:file:/E:/repository/com/aventstack/extentreports/3.1.1/extentreports-3.1.1.jar!/com/aventstack/extentreports/view/html-report/index.ftl"
2018-07-27 14:15:42  [ main:15815 ] - [ DEBUG ]  Couldn't find template in cache for "head.ftl"("en", UTF-8, parsed); will try to load it.
2018-07-27 14:15:42  [ main:15816 ] - [ DEBUG ]  TemplateLoader.findTemplateSource("head_en.ftl"): Not found
2018-07-27 14:15:42  [ main:15816 ] - [ DEBUG ]  TemplateLoader.findTemplateSource("head.ftl"): Found
2018-07-27 14:15:42  [ main:15817 ] - [ DEBUG ]  Loading template for "head.ftl"("en", UTF-8, parsed) from "jar:file:/E:/repository/com/aventstack/extentreports/3.1.1/extentreports-3.1.1.jar!/com/aventstack/extentreports/view/html-report/head.ftl"
2018-07-27 14:15:42  [ main:15819 ] - [ DEBUG ]  Couldn't find template in cache for "nav.ftl"("en", UTF-8, parsed); will try to load it.
2018-07-27 14:15:42  [ main:15820 ] - [ DEBUG ]  TemplateLoader.findTemplateSource("nav_en.ftl"): Not found
2018-07-27 14:15:42  [ main:15821 ] - [ DEBUG ]  TemplateLoader.findTemplateSource("nav.ftl"): Found
2018-07-27 14:15:42  [ main:15821 ] - [ DEBUG ]  Loading template for "nav.ftl"("en", UTF-8, parsed) from "jar:file:/E:/repository/com/aventstack/extentreports/3.1.1/extentreports-3.1.1.jar!/com/aventstack/extentreports/view/html-report/nav.ftl"
2018-07-27 14:15:42  [ main:15826 ] - [ DEBUG ]  Couldn't find template in cache for "test-view/test-view.ftl"("en", UTF-8, parsed); will try to load it.
2018-07-27 14:15:42  [ main:15826 ] - [ DEBUG ]  TemplateLoader.findTemplateSource("test-view/test-view_en.ftl"): Not found
2018-07-27 14:15:42  [ main:15827 ] - [ DEBUG ]  TemplateLoader.findTemplateSource("test-view/test-view.ftl"): Found
2018-07-27 14:15:42  [ main:15828 ] - [ DEBUG ]  Loading template for "test-view/test-view.ftl"("en", UTF-8, parsed) from "jar:file:/E:/repository/com/aventstack/extentreports/3.1.1/extentreports-3.1.1.jar!/com/aventstack/extentreports/view/html-report/test-view/test-view.ftl"
2018-07-27 14:15:42  [ main:15835 ] - [ DEBUG ]  Couldn't find template in cache for "test-view/test-view-charts.ftl"("en", UTF-8, parsed); will try to load it.
2018-07-27 14:15:42  [ main:15835 ] - [ DEBUG ]  TemplateLoader.findTemplateSource("test-view/test-view-charts_en.ftl"): Not found
2018-07-27 14:15:42  [ main:15836 ] - [ DEBUG ]  TemplateLoader.findTemplateSource("test-view/test-view-charts.ftl"): Found
2018-07-27 14:15:42  [ main:15836 ] - [ DEBUG ]  Loading template for "test-view/test-view-charts.ftl"("en", UTF-8, parsed) from "jar:file:/E:/repository/com/aventstack/extentreports/3.1.1/extentreports-3.1.1.jar!/com/aventstack/extentreports/view/html-report/test-view/test-view-charts.ftl"
2018-07-27 14:15:42  [ main:15848 ] - [ DEBUG ]  Couldn't find template in cache for "test-view/standard.ftl"("en", UTF-8, parsed); will try to load it.
2018-07-27 14:15:42  [ main:15848 ] - [ DEBUG ]  TemplateLoader.findTemplateSource("test-view/standard_en.ftl"): Not found
2018-07-27 14:15:42  [ main:15848 ] - [ DEBUG ]  TemplateLoader.findTemplateSource("test-view/standard.ftl"): Found
2018-07-27 14:15:42  [ main:15849 ] - [ DEBUG ]  Loading template for "test-view/standard.ftl"("en", UTF-8, parsed) from "jar:file:/E:/repository/com/aventstack/extentreports/3.1.1/extentreports-3.1.1.jar!/com/aventstack/extentreports/view/html-report/test-view/standard.ftl"
2018-07-27 14:15:42  [ main:15863 ] - [ DEBUG ]  Couldn't find template in cache for "category-view/category-view.ftl"("en", UTF-8, parsed); will try to load it.
2018-07-27 14:15:42  [ main:15864 ] - [ DEBUG ]  TemplateLoader.findTemplateSource("category-view/category-view_en.ftl"): Not found
2018-07-27 14:15:42  [ main:15864 ] - [ DEBUG ]  TemplateLoader.findTemplateSource("category-view/category-view.ftl"): Found
2018-07-27 14:15:42  [ main:15864 ] - [ DEBUG ]  Loading template for "category-view/category-view.ftl"("en", UTF-8, parsed) from "jar:file:/E:/repository/com/aventstack/extentreports/3.1.1/extentreports-3.1.1.jar!/com/aventstack/extentreports/view/html-report/category-view/category-view.ftl"
2018-07-27 14:15:42  [ main:15866 ] - [ DEBUG ]  Couldn't find template in cache for "author-view/author-view.ftl"("en", UTF-8, parsed); will try to load it.
2018-07-27 14:15:42  [ main:15867 ] - [ DEBUG ]  TemplateLoader.findTemplateSource("author-view/author-view_en.ftl"): Not found
2018-07-27 14:15:42  [ main:15868 ] - [ DEBUG ]  TemplateLoader.findTemplateSource("author-view/author-view.ftl"): Found
2018-07-27 14:15:42  [ main:15868 ] - [ DEBUG ]  Loading template for "author-view/author-view.ftl"("en", UTF-8, parsed) from "jar:file:/E:/repository/com/aventstack/extentreports/3.1.1/extentreports-3.1.1.jar!/com/aventstack/extentreports/view/html-report/author-view/author-view.ftl"
2018-07-27 14:15:42  [ main:15870 ] - [ DEBUG ]  Couldn't find template in cache for "exception-view/exception-view.ftl"("en", UTF-8, parsed); will try to load it.
2018-07-27 14:15:42  [ main:15871 ] - [ DEBUG ]  TemplateLoader.findTemplateSource("exception-view/exception-view_en.ftl"): Not found
2018-07-27 14:15:42  [ main:15871 ] - [ DEBUG ]  TemplateLoader.findTemplateSource("exception-view/exception-view.ftl"): Found
2018-07-27 14:15:42  [ main:15871 ] - [ DEBUG ]  Loading template for "exception-view/exception-view.ftl"("en", UTF-8, parsed) from "jar:file:/E:/repository/com/aventstack/extentreports/3.1.1/extentreports-3.1.1.jar!/com/aventstack/extentreports/view/html-report/exception-view/exception-view.ftl"
2018-07-27 14:15:42  [ main:15873 ] - [ DEBUG ]  Couldn't find template in cache for "dashboard-view/dashboard-view.ftl"("en", UTF-8, parsed); will try to load it.
2018-07-27 14:15:42  [ main:15874 ] - [ DEBUG ]  TemplateLoader.findTemplateSource("dashboard-view/dashboard-view_en.ftl"): Not found
2018-07-27 14:15:42  [ main:15874 ] - [ DEBUG ]  TemplateLoader.findTemplateSource("dashboard-view/dashboard-view.ftl"): Found
2018-07-27 14:15:42  [ main:15875 ] - [ DEBUG ]  Loading template for "dashboard-view/dashboard-view.ftl"("en", UTF-8, parsed) from "jar:file:/E:/repository/com/aventstack/extentreports/3.1.1/extentreports-3.1.1.jar!/com/aventstack/extentreports/view/html-report/dashboard-view/dashboard-view.ftl"
2018-07-27 14:15:42  [ main:15877 ] - [ DEBUG ]  Couldn't find template in cache for "logs-view/testrunner-logs-view.ftl"("en", UTF-8, parsed); will try to load it.
2018-07-27 14:15:42  [ main:15878 ] - [ DEBUG ]  TemplateLoader.findTemplateSource("logs-view/testrunner-logs-view_en.ftl"): Not found
2018-07-27 14:15:42  [ main:15878 ] - [ DEBUG ]  TemplateLoader.findTemplateSource("logs-view/testrunner-logs-view.ftl"): Found
2018-07-27 14:15:42  [ main:15878 ] - [ DEBUG ]  Loading template for "logs-view/testrunner-logs-view.ftl"("en", UTF-8, parsed) from "jar:file:/E:/repository/com/aventstack/extentreports/3.1.1/extentreports-3.1.1.jar!/com/aventstack/extentreports/view/html-report/logs-view/testrunner-logs-view.ftl"
2018-07-27 14:15:42  [ main:16017 ] - [ DEBUG ]  Couldn't find template in cache for "index.ftl"("en", UTF-8, parsed); will try to load it.
2018-07-27 14:15:42  [ main:16017 ] - [ DEBUG ]  TemplateLoader.findTemplateSource("index_en.ftl"): Not found
2018-07-27 14:15:42  [ main:16018 ] - [ DEBUG ]  TemplateLoader.findTemplateSource("index.ftl"): Found
2018-07-27 14:15:42  [ main:16018 ] - [ DEBUG ]  Loading template for "index.ftl"("en", UTF-8, parsed) from "jar:file:/E:/repository/com/aventstack/extentreports/3.1.1/extentreports-3.1.1.jar!/com/aventstack/extentreports/view/html-report/index.ftl"
2018-07-27 14:15:42  [ main:16022 ] - [ DEBUG ]  Couldn't find template in cache for "head.ftl"("en", UTF-8, parsed); will try to load it.
2018-07-27 14:15:42  [ main:16023 ] - [ DEBUG ]  TemplateLoader.findTemplateSource("head_en.ftl"): Not found
2018-07-27 14:15:42  [ main:16023 ] - [ DEBUG ]  TemplateLoader.findTemplateSource("head.ftl"): Found
2018-07-27 14:15:42  [ main:16023 ] - [ DEBUG ]  Loading template for "head.ftl"("en", UTF-8, parsed) from "jar:file:/E:/repository/com/aventstack/extentreports/3.1.1/extentreports-3.1.1.jar!/com/aventstack/extentreports/view/html-report/head.ftl"
2018-07-27 14:15:42  [ main:16026 ] - [ DEBUG ]  Couldn't find template in cache for "nav.ftl"("en", UTF-8, parsed); will try to load it.
2018-07-27 14:15:42  [ main:16026 ] - [ DEBUG ]  TemplateLoader.findTemplateSource("nav_en.ftl"): Not found
2018-07-27 14:15:42  [ main:16027 ] - [ DEBUG ]  TemplateLoader.findTemplateSource("nav.ftl"): Found
2018-07-27 14:15:42  [ main:16027 ] - [ DEBUG ]  Loading template for "nav.ftl"("en", UTF-8, parsed) from "jar:file:/E:/repository/com/aventstack/extentreports/3.1.1/extentreports-3.1.1.jar!/com/aventstack/extentreports/view/html-report/nav.ftl"
2018-07-27 14:15:42  [ main:16029 ] - [ DEBUG ]  Couldn't find template in cache for "test-view/test-view.ftl"("en", UTF-8, parsed); will try to load it.
2018-07-27 14:15:42  [ main:16029 ] - [ DEBUG ]  TemplateLoader.findTemplateSource("test-view/test-view_en.ftl"): Not found
2018-07-27 14:15:42  [ main:16029 ] - [ DEBUG ]  TemplateLoader.findTemplateSource("test-view/test-view.ftl"): Found
2018-07-27 14:15:42  [ main:16030 ] - [ DEBUG ]  Loading template for "test-view/test-view.ftl"("en", UTF-8, parsed) from "jar:file:/E:/repository/com/aventstack/extentreports/3.1.1/extentreports-3.1.1.jar!/com/aventstack/extentreports/view/html-report/test-view/test-view.ftl"
2018-07-27 14:15:42  [ main:16034 ] - [ DEBUG ]  Couldn't find template in cache for "test-view/test-view-charts.ftl"("en", UTF-8, parsed); will try to load it.
2018-07-27 14:15:42  [ main:16034 ] - [ DEBUG ]  TemplateLoader.findTemplateSource("test-view/test-view-charts_en.ftl"): Not found
2018-07-27 14:15:42  [ main:16034 ] - [ DEBUG ]  TemplateLoader.findTemplateSource("test-view/test-view-charts.ftl"): Found
2018-07-27 14:15:42  [ main:16035 ] - [ DEBUG ]  Loading template for "test-view/test-view-charts.ftl"("en", UTF-8, parsed) from "jar:file:/E:/repository/com/aventstack/extentreports/3.1.1/extentreports-3.1.1.jar!/com/aventstack/extentreports/view/html-report/test-view/test-view-charts.ftl"
2018-07-27 14:15:42  [ main:16046 ] - [ DEBUG ]  Couldn't find template in cache for "test-view/standard.ftl"("en", UTF-8, parsed); will try to load it.
2018-07-27 14:15:42  [ main:16046 ] - [ DEBUG ]  TemplateLoader.findTemplateSource("test-view/standard_en.ftl"): Not found
2018-07-27 14:15:42  [ main:16047 ] - [ DEBUG ]  TemplateLoader.findTemplateSource("test-view/standard.ftl"): Found
2018-07-27 14:15:42  [ main:16047 ] - [ DEBUG ]  Loading template for "test-view/standard.ftl"("en", UTF-8, parsed) from "jar:file:/E:/repository/com/aventstack/extentreports/3.1.1/extentreports-3.1.1.jar!/com/aventstack/extentreports/view/html-report/test-view/standard.ftl"
2018-07-27 14:15:42  [ main:16052 ] - [ DEBUG ]  "test-view/standard.ftl"("en", UTF-8, parsed) cached copy not yet stale; using cached.
2018-07-27 14:15:42  [ main:16053 ] - [ DEBUG ]  Couldn't find template in cache for "category-view/category-view.ftl"("en", UTF-8, parsed); will try to load it.
2018-07-27 14:15:42  [ main:16053 ] - [ DEBUG ]  TemplateLoader.findTemplateSource("category-view/category-view_en.ftl"): Not found
2018-07-27 14:15:42  [ main:16054 ] - [ DEBUG ]  TemplateLoader.findTemplateSource("category-view/category-view.ftl"): Found
2018-07-27 14:15:42  [ main:16054 ] - [ DEBUG ]  Loading template for "category-view/category-view.ftl"("en", UTF-8, parsed) from "jar:file:/E:/repository/com/aventstack/extentreports/3.1.1/extentreports-3.1.1.jar!/com/aventstack/extentreports/view/html-report/category-view/category-view.ftl"
2018-07-27 14:15:42  [ main:16057 ] - [ DEBUG ]  Couldn't find template in cache for "author-view/author-view.ftl"("en", UTF-8, parsed); will try to load it.
2018-07-27 14:15:42  [ main:16058 ] - [ DEBUG ]  TemplateLoader.findTemplateSource("author-view/author-view_en.ftl"): Not found
2018-07-27 14:15:42  [ main:16058 ] - [ DEBUG ]  TemplateLoader.findTemplateSource("author-view/author-view.ftl"): Found
2018-07-27 14:15:42  [ main:16059 ] - [ DEBUG ]  Loading template for "author-view/author-view.ftl"("en", UTF-8, parsed) from "jar:file:/E:/repository/com/aventstack/extentreports/3.1.1/extentreports-3.1.1.jar!/com/aventstack/extentreports/view/html-report/author-view/author-view.ftl"
2018-07-27 14:15:42  [ main:16062 ] - [ DEBUG ]  Couldn't find template in cache for "exception-view/exception-view.ftl"("en", UTF-8, parsed); will try to load it.
2018-07-27 14:15:42  [ main:16062 ] - [ DEBUG ]  TemplateLoader.findTemplateSource("exception-view/exception-view_en.ftl"): Not found
2018-07-27 14:15:42  [ main:16063 ] - [ DEBUG ]  TemplateLoader.findTemplateSource("exception-view/exception-view.ftl"): Found
2018-07-27 14:15:42  [ main:16063 ] - [ DEBUG ]  Loading template for "exception-view/exception-view.ftl"("en", UTF-8, parsed) from "jar:file:/E:/repository/com/aventstack/extentreports/3.1.1/extentreports-3.1.1.jar!/com/aventstack/extentreports/view/html-report/exception-view/exception-view.ftl"
2018-07-27 14:15:42  [ main:16065 ] - [ DEBUG ]  Couldn't find template in cache for "dashboard-view/dashboard-view.ftl"("en", UTF-8, parsed); will try to load it.
2018-07-27 14:15:42  [ main:16066 ] - [ DEBUG ]  TemplateLoader.findTemplateSource("dashboard-view/dashboard-view_en.ftl"): Not found
2018-07-27 14:15:42  [ main:16066 ] - [ DEBUG ]  TemplateLoader.findTemplateSource("dashboard-view/dashboard-view.ftl"): Found
2018-07-27 14:15:42  [ main:16066 ] - [ DEBUG ]  Loading template for "dashboard-view/dashboard-view.ftl"("en", UTF-8, parsed) from "jar:file:/E:/repository/com/aventstack/extentreports/3.1.1/extentreports-3.1.1.jar!/com/aventstack/extentreports/view/html-report/dashboard-view/dashboard-view.ftl"
2018-07-27 14:15:42  [ main:16069 ] - [ DEBUG ]  Couldn't find template in cache for "logs-view/testrunner-logs-view.ftl"("en", UTF-8, parsed); will try to load it.
2018-07-27 14:15:42  [ main:16070 ] - [ DEBUG ]  TemplateLoader.findTemplateSource("logs-view/testrunner-logs-view_en.ftl"): Not found
2018-07-27 14:15:42  [ main:16070 ] - [ DEBUG ]  TemplateLoader.findTemplateSource("logs-view/testrunner-logs-view.ftl"): Found
2018-07-27 14:15:42  [ main:16070 ] - [ DEBUG ]  Loading template for "logs-view/testrunner-logs-view.ftl"("en", UTF-8, parsed) from "jar:file:/E:/repository/com/aventstack/extentreports/3.1.1/extentreports-3.1.1.jar!/com/aventstack/extentreports/view/html-report/logs-view/testrunner-logs-view.ftl"
2018-07-27 14:18:57  [ main:0 ] - [ INFO ]  濮2
2018-07-27 14:18:57  [ main:0 ] - [ INFO ]  濮2
2018-07-27 14:19:09  [ main:12151 ] - [ DEBUG ]  Couldn't find template in cache for "index.ftl"("en", UTF-8, parsed); will try to load it.
2018-07-27 14:19:09  [ main:12152 ] - [ DEBUG ]  TemplateLoader.findTemplateSource("index_en.ftl"): Not found
2018-07-27 14:19:09  [ main:12153 ] - [ DEBUG ]  TemplateLoader.findTemplateSource("index.ftl"): Found
2018-07-27 14:19:09  [ main:12154 ] - [ DEBUG ]  Loading template for "index.ftl"("en", UTF-8, parsed) from "jar:file:/E:/repository/com/aventstack/extentreports/3.1.1/extentreports-3.1.1.jar!/com/aventstack/extentreports/view/html-report/index.ftl"
2018-07-27 14:19:09  [ main:12321 ] - [ DEBUG ]  Couldn't find template in cache for "head.ftl"("en", UTF-8, parsed); will try to load it.
2018-07-27 14:19:09  [ main:12322 ] - [ DEBUG ]  TemplateLoader.findTemplateSource("head_en.ftl"): Not found
2018-07-27 14:19:09  [ main:12322 ] - [ DEBUG ]  TemplateLoader.findTemplateSource("head.ftl"): Found
2018-07-27 14:19:09  [ main:12323 ] - [ DEBUG ]  Loading template for "head.ftl"("en", UTF-8, parsed) from "jar:file:/E:/repository/com/aventstack/extentreports/3.1.1/extentreports-3.1.1.jar!/com/aventstack/extentreports/view/html-report/head.ftl"
2018-07-27 14:19:09  [ main:12325 ] - [ DEBUG ]  Couldn't find template in cache for "nav.ftl"("en", UTF-8, parsed); will try to load it.
2018-07-27 14:19:09  [ main:12326 ] - [ DEBUG ]  TemplateLoader.findTemplateSource("nav_en.ftl"): Not found
2018-07-27 14:19:09  [ main:12326 ] - [ DEBUG ]  TemplateLoader.findTemplateSource("nav.ftl"): Found
2018-07-27 14:19:09  [ main:12326 ] - [ DEBUG ]  Loading template for "nav.ftl"("en", UTF-8, parsed) from "jar:file:/E:/repository/com/aventstack/extentreports/3.1.1/extentreports-3.1.1.jar!/com/aventstack/extentreports/view/html-report/nav.ftl"
2018-07-27 14:19:09  [ main:12333 ] - [ DEBUG ]  Couldn't find template in cache for "test-view/test-view.ftl"("en", UTF-8, parsed); will try to load it.
2018-07-27 14:19:09  [ main:12334 ] - [ DEBUG ]  TemplateLoader.findTemplateSource("test-view/test-view_en.ftl"): Not found
2018-07-27 14:19:09  [ main:12334 ] - [ DEBUG ]  TemplateLoader.findTemplateSource("test-view/test-view.ftl"): Found
2018-07-27 14:19:09  [ main:12335 ] - [ DEBUG ]  Loading template for "test-view/test-view.ftl"("en", UTF-8, parsed) from "jar:file:/E:/repository/com/aventstack/extentreports/3.1.1/extentreports-3.1.1.jar!/com/aventstack/extentreports/view/html-report/test-view/test-view.ftl"
2018-07-27 14:19:09  [ main:12341 ] - [ DEBUG ]  Couldn't find template in cache for "test-view/test-view-charts.ftl"("en", UTF-8, parsed); will try to load it.
2018-07-27 14:19:09  [ main:12342 ] - [ DEBUG ]  TemplateLoader.findTemplateSource("test-view/test-view-charts_en.ftl"): Not found
2018-07-27 14:19:09  [ main:12342 ] - [ DEBUG ]  TemplateLoader.findTemplateSource("test-view/test-view-charts.ftl"): Found
2018-07-27 14:19:09  [ main:12342 ] - [ DEBUG ]  Loading template for "test-view/test-view-charts.ftl"("en", UTF-8, parsed) from "jar:file:/E:/repository/com/aventstack/extentreports/3.1.1/extentreports-3.1.1.jar!/com/aventstack/extentreports/view/html-report/test-view/test-view-charts.ftl"
2018-07-27 14:19:09  [ main:12352 ] - [ DEBUG ]  Couldn't find template in cache for "test-view/standard.ftl"("en", UTF-8, parsed); will try to load it.
2018-07-27 14:19:09  [ main:12352 ] - [ DEBUG ]  TemplateLoader.findTemplateSource("test-view/standard_en.ftl"): Not found
2018-07-27 14:19:09  [ main:12353 ] - [ DEBUG ]  TemplateLoader.findTemplateSource("test-view/standard.ftl"): Found
2018-07-27 14:19:09  [ main:12353 ] - [ DEBUG ]  Loading template for "test-view/standard.ftl"("en", UTF-8, parsed) from "jar:file:/E:/repository/com/aventstack/extentreports/3.1.1/extentreports-3.1.1.jar!/com/aventstack/extentreports/view/html-report/test-view/standard.ftl"
2018-07-27 14:19:09  [ main:12366 ] - [ DEBUG ]  Couldn't find template in cache for "category-view/category-view.ftl"("en", UTF-8, parsed); will try to load it.
2018-07-27 14:19:09  [ main:12366 ] - [ DEBUG ]  TemplateLoader.findTemplateSource("category-view/category-view_en.ftl"): Not found
2018-07-27 14:19:09  [ main:12366 ] - [ DEBUG ]  TemplateLoader.findTemplateSource("category-view/category-view.ftl"): Found
2018-07-27 14:19:09  [ main:12367 ] - [ DEBUG ]  Loading template for "category-view/category-view.ftl"("en", UTF-8, parsed) from "jar:file:/E:/repository/com/aventstack/extentreports/3.1.1/extentreports-3.1.1.jar!/com/aventstack/extentreports/view/html-report/category-view/category-view.ftl"
2018-07-27 14:19:09  [ main:12369 ] - [ DEBUG ]  Couldn't find template in cache for "author-view/author-view.ftl"("en", UTF-8, parsed); will try to load it.
2018-07-27 14:19:09  [ main:12369 ] - [ DEBUG ]  TemplateLoader.findTemplateSource("author-view/author-view_en.ftl"): Not found
2018-07-27 14:19:09  [ main:12370 ] - [ DEBUG ]  TemplateLoader.findTemplateSource("author-view/author-view.ftl"): Found
2018-07-27 14:19:09  [ main:12370 ] - [ DEBUG ]  Loading template for "author-view/author-view.ftl"("en", UTF-8, parsed) from "jar:file:/E:/repository/com/aventstack/extentreports/3.1.1/extentreports-3.1.1.jar!/com/aventstack/extentreports/view/html-report/author-view/author-view.ftl"
2018-07-27 14:19:09  [ main:12374 ] - [ DEBUG ]  Couldn't find template in cache for "exception-view/exception-view.ftl"("en", UTF-8, parsed); will try to load it.
2018-07-27 14:19:09  [ main:12375 ] - [ DEBUG ]  TemplateLoader.findTemplateSource("exception-view/exception-view_en.ftl"): Not found
2018-07-27 14:19:09  [ main:12375 ] - [ DEBUG ]  TemplateLoader.findTemplateSource("exception-view/exception-view.ftl"): Found
2018-07-27 14:19:09  [ main:12375 ] - [ DEBUG ]  Loading template for "exception-view/exception-view.ftl"("en", UTF-8, parsed) from "jar:file:/E:/repository/com/aventstack/extentreports/3.1.1/extentreports-3.1.1.jar!/com/aventstack/extentreports/view/html-report/exception-view/exception-view.ftl"
2018-07-27 14:19:09  [ main:12377 ] - [ DEBUG ]  Couldn't find template in cache for "dashboard-view/dashboard-view.ftl"("en", UTF-8, parsed); will try to load it.
2018-07-27 14:19:09  [ main:12377 ] - [ DEBUG ]  TemplateLoader.findTemplateSource("dashboard-view/dashboard-view_en.ftl"): Not found
2018-07-27 14:19:09  [ main:12378 ] - [ DEBUG ]  TemplateLoader.findTemplateSource("dashboard-view/dashboard-view.ftl"): Found
2018-07-27 14:19:09  [ main:12378 ] - [ DEBUG ]  Loading template for "dashboard-view/dashboard-view.ftl"("en", UTF-8, parsed) from "jar:file:/E:/repository/com/aventstack/extentreports/3.1.1/extentreports-3.1.1.jar!/com/aventstack/extentreports/view/html-report/dashboard-view/dashboard-view.ftl"
2018-07-27 14:19:09  [ main:12381 ] - [ DEBUG ]  Couldn't find template in cache for "logs-view/testrunner-logs-view.ftl"("en", UTF-8, parsed); will try to load it.
2018-07-27 14:19:09  [ main:12381 ] - [ DEBUG ]  TemplateLoader.findTemplateSource("logs-view/testrunner-logs-view_en.ftl"): Not found
2018-07-27 14:19:09  [ main:12381 ] - [ DEBUG ]  TemplateLoader.findTemplateSource("logs-view/testrunner-logs-view.ftl"): Found
2018-07-27 14:19:09  [ main:12381 ] - [ DEBUG ]  Loading template for "logs-view/testrunner-logs-view.ftl"("en", UTF-8, parsed) from "jar:file:/E:/repository/com/aventstack/extentreports/3.1.1/extentreports-3.1.1.jar!/com/aventstack/extentreports/view/html-report/logs-view/testrunner-logs-view.ftl"
2018-07-27 14:19:09  [ main:12486 ] - [ DEBUG ]  Couldn't find template in cache for "index.ftl"("en", UTF-8, parsed); will try to load it.
2018-07-27 14:19:09  [ main:12487 ] - [ DEBUG ]  TemplateLoader.findTemplateSource("index_en.ftl"): Not found
2018-07-27 14:19:09  [ main:12487 ] - [ DEBUG ]  TemplateLoader.findTemplateSource("index.ftl"): Found
2018-07-27 14:19:09  [ main:12487 ] - [ DEBUG ]  Loading template for "index.ftl"("en", UTF-8, parsed) from "jar:file:/E:/repository/com/aventstack/extentreports/3.1.1/extentreports-3.1.1.jar!/com/aventstack/extentreports/view/html-report/index.ftl"
2018-07-27 14:19:09  [ main:12493 ] - [ DEBUG ]  Couldn't find template in cache for "head.ftl"("en", UTF-8, parsed); will try to load it.
2018-07-27 14:19:09  [ main:12493 ] - [ DEBUG ]  TemplateLoader.findTemplateSource("head_en.ftl"): Not found
2018-07-27 14:19:09  [ main:12493 ] - [ DEBUG ]  TemplateLoader.findTemplateSource("head.ftl"): Found
2018-07-27 14:19:09  [ main:12494 ] - [ DEBUG ]  Loading template for "head.ftl"("en", UTF-8, parsed) from "jar:file:/E:/repository/com/aventstack/extentreports/3.1.1/extentreports-3.1.1.jar!/com/aventstack/extentreports/view/html-report/head.ftl"
2018-07-27 14:19:09  [ main:12495 ] - [ DEBUG ]  Couldn't find template in cache for "nav.ftl"("en", UTF-8, parsed); will try to load it.
2018-07-27 14:19:09  [ main:12496 ] - [ DEBUG ]  TemplateLoader.findTemplateSource("nav_en.ftl"): Not found
2018-07-27 14:19:09  [ main:12496 ] - [ DEBUG ]  TemplateLoader.findTemplateSource("nav.ftl"): Found
2018-07-27 14:19:09  [ main:12496 ] - [ DEBUG ]  Loading template for "nav.ftl"("en", UTF-8, parsed) from "jar:file:/E:/repository/com/aventstack/extentreports/3.1.1/extentreports-3.1.1.jar!/com/aventstack/extentreports/view/html-report/nav.ftl"
2018-07-27 14:19:09  [ main:12499 ] - [ DEBUG ]  Couldn't find template in cache for "test-view/test-view.ftl"("en", UTF-8, parsed); will try to load it.
2018-07-27 14:19:09  [ main:12499 ] - [ DEBUG ]  TemplateLoader.findTemplateSource("test-view/test-view_en.ftl"): Not found
2018-07-27 14:19:09  [ main:12499 ] - [ DEBUG ]  TemplateLoader.findTemplateSource("test-view/test-view.ftl"): Found
2018-07-27 14:19:09  [ main:12500 ] - [ DEBUG ]  Loading template for "test-view/test-view.ftl"("en", UTF-8, parsed) from "jar:file:/E:/repository/com/aventstack/extentreports/3.1.1/extentreports-3.1.1.jar!/com/aventstack/extentreports/view/html-report/test-view/test-view.ftl"
2018-07-27 14:19:09  [ main:12504 ] - [ DEBUG ]  Couldn't find template in cache for "test-view/test-view-charts.ftl"("en", UTF-8, parsed); will try to load it.
2018-07-27 14:19:09  [ main:12505 ] - [ DEBUG ]  TemplateLoader.findTemplateSource("test-view/test-view-charts_en.ftl"): Not found
2018-07-27 14:19:09  [ main:12505 ] - [ DEBUG ]  TemplateLoader.findTemplateSource("test-view/test-view-charts.ftl"): Found
2018-07-27 14:19:09  [ main:12505 ] - [ DEBUG ]  Loading template for "test-view/test-view-charts.ftl"("en", UTF-8, parsed) from "jar:file:/E:/repository/com/aventstack/extentreports/3.1.1/extentreports-3.1.1.jar!/com/aventstack/extentreports/view/html-report/test-view/test-view-charts.ftl"
2018-07-27 14:19:09  [ main:12510 ] - [ DEBUG ]  Couldn't find template in cache for "test-view/standard.ftl"("en", UTF-8, parsed); will try to load it.
2018-07-27 14:19:09  [ main:12511 ] - [ DEBUG ]  TemplateLoader.findTemplateSource("test-view/standard_en.ftl"): Not found
2018-07-27 14:19:09  [ main:12511 ] - [ DEBUG ]  TemplateLoader.findTemplateSource("test-view/standard.ftl"): Found
2018-07-27 14:19:09  [ main:12511 ] - [ DEBUG ]  Loading template for "test-view/standard.ftl"("en", UTF-8, parsed) from "jar:file:/E:/repository/com/aventstack/extentreports/3.1.1/extentreports-3.1.1.jar!/com/aventstack/extentreports/view/html-report/test-view/standard.ftl"
2018-07-27 14:19:09  [ main:12516 ] - [ DEBUG ]  "test-view/standard.ftl"("en", UTF-8, parsed) cached copy not yet stale; using cached.
2018-07-27 14:19:09  [ main:12517 ] - [ DEBUG ]  Couldn't find template in cache for "category-view/category-view.ftl"("en", UTF-8, parsed); will try to load it.
2018-07-27 14:19:09  [ main:12518 ] - [ DEBUG ]  TemplateLoader.findTemplateSource("category-view/category-view_en.ftl"): Not found
2018-07-27 14:19:09  [ main:12518 ] - [ DEBUG ]  TemplateLoader.findTemplateSource("category-view/category-view.ftl"): Found
2018-07-27 14:19:09  [ main:12519 ] - [ DEBUG ]  Loading template for "category-view/category-view.ftl"("en", UTF-8, parsed) from "jar:file:/E:/repository/com/aventstack/extentreports/3.1.1/extentreports-3.1.1.jar!/com/aventstack/extentreports/view/html-report/category-view/category-view.ftl"
2018-07-27 14:19:09  [ main:12521 ] - [ DEBUG ]  Couldn't find template in cache for "author-view/author-view.ftl"("en", UTF-8, parsed); will try to load it.
2018-07-27 14:19:09  [ main:12522 ] - [ DEBUG ]  TemplateLoader.findTemplateSource("author-view/author-view_en.ftl"): Not found
2018-07-27 14:19:09  [ main:12522 ] - [ DEBUG ]  TemplateLoader.findTemplateSource("author-view/author-view.ftl"): Found
2018-07-27 14:19:09  [ main:12522 ] - [ DEBUG ]  Loading template for "author-view/author-view.ftl"("en", UTF-8, parsed) from "jar:file:/E:/repository/com/aventstack/extentreports/3.1.1/extentreports-3.1.1.jar!/com/aventstack/extentreports/view/html-report/author-view/author-view.ftl"
2018-07-27 14:19:09  [ main:12524 ] - [ DEBUG ]  Couldn't find template in cache for "exception-view/exception-view.ftl"("en", UTF-8, parsed); will try to load it.
2018-07-27 14:19:09  [ main:12525 ] - [ DEBUG ]  TemplateLoader.findTemplateSource("exception-view/exception-view_en.ftl"): Not found
2018-07-27 14:19:09  [ main:12526 ] - [ DEBUG ]  TemplateLoader.findTemplateSource("exception-view/exception-view.ftl"): Found
2018-07-27 14:19:09  [ main:12526 ] - [ DEBUG ]  Loading template for "exception-view/exception-view.ftl"("en", UTF-8, parsed) from "jar:file:/E:/repository/com/aventstack/extentreports/3.1.1/extentreports-3.1.1.jar!/com/aventstack/extentreports/view/html-report/exception-view/exception-view.ftl"
2018-07-27 14:19:09  [ main:12528 ] - [ DEBUG ]  Couldn't find template in cache for "dashboard-view/dashboard-view.ftl"("en", UTF-8, parsed); will try to load it.
2018-07-27 14:19:09  [ main:12528 ] - [ DEBUG ]  TemplateLoader.findTemplateSource("dashboard-view/dashboard-view_en.ftl"): Not found
2018-07-27 14:19:09  [ main:12529 ] - [ DEBUG ]  TemplateLoader.findTemplateSource("dashboard-view/dashboard-view.ftl"): Found
2018-07-27 14:19:09  [ main:12529 ] - [ DEBUG ]  Loading template for "dashboard-view/dashboard-view.ftl"("en", UTF-8, parsed) from "jar:file:/E:/repository/com/aventstack/extentreports/3.1.1/extentreports-3.1.1.jar!/com/aventstack/extentreports/view/html-report/dashboard-view/dashboard-view.ftl"
2018-07-27 14:19:09  [ main:12532 ] - [ DEBUG ]  Couldn't find template in cache for "logs-view/testrunner-logs-view.ftl"("en", UTF-8, parsed); will try to load it.
2018-07-27 14:19:09  [ main:12532 ] - [ DEBUG ]  TemplateLoader.findTemplateSource("logs-view/testrunner-logs-view_en.ftl"): Not found
2018-07-27 14:19:09  [ main:12533 ] - [ DEBUG ]  TemplateLoader.findTemplateSource("logs-view/testrunner-logs-view.ftl"): Found
2018-07-27 14:19:09  [ main:12533 ] - [ DEBUG ]  Loading template for "logs-view/testrunner-logs-view.ftl"("en", UTF-8, parsed) from "jar:file:/E:/repository/com/aventstack/extentreports/3.1.1/extentreports-3.1.1.jar!/com/aventstack/extentreports/view/html-report/logs-view/testrunner-logs-view.ftl"
2018-07-27 14:24:02  [ main:0 ] - [ INFO ]  濮2
2018-07-27 14:24:02  [ main:0 ] - [ INFO ]  濮2
2018-07-27 14:24:14  [ main:11893 ] - [ DEBUG ]  Couldn't find template in cache for "index.ftl"("en", UTF-8, parsed); will try to load it.
2018-07-27 14:24:14  [ main:11894 ] - [ DEBUG ]  TemplateLoader.findTemplateSource("index_en.ftl"): Not found
2018-07-27 14:24:14  [ main:11896 ] - [ DEBUG ]  TemplateLoader.findTemplateSource("index.ftl"): Found
2018-07-27 14:24:14  [ main:11897 ] - [ DEBUG ]  Loading template for "index.ftl"("en", UTF-8, parsed) from "jar:file:/E:/repository/com/aventstack/extentreports/3.1.1/extentreports-3.1.1.jar!/com/aventstack/extentreports/view/html-report/index.ftl"
2018-07-27 14:24:14  [ main:12069 ] - [ DEBUG ]  Couldn't find template in cache for "head.ftl"("en", UTF-8, parsed); will try to load it.
2018-07-27 14:24:14  [ main:12069 ] - [ DEBUG ]  TemplateLoader.findTemplateSource("head_en.ftl"): Not found
2018-07-27 14:24:14  [ main:12070 ] - [ DEBUG ]  TemplateLoader.findTemplateSource("head.ftl"): Found
2018-07-27 14:24:14  [ main:12070 ] - [ DEBUG ]  Loading template for "head.ftl"("en", UTF-8, parsed) from "jar:file:/E:/repository/com/aventstack/extentreports/3.1.1/extentreports-3.1.1.jar!/com/aventstack/extentreports/view/html-report/head.ftl"
2018-07-27 14:24:14  [ main:12073 ] - [ DEBUG ]  Couldn't find template in cache for "nav.ftl"("en", UTF-8, parsed); will try to load it.
2018-07-27 14:24:14  [ main:12073 ] - [ DEBUG ]  TemplateLoader.findTemplateSource("nav_en.ftl"): Not found
2018-07-27 14:24:14  [ main:12073 ] - [ DEBUG ]  TemplateLoader.findTemplateSource("nav.ftl"): Found
2018-07-27 14:24:14  [ main:12073 ] - [ DEBUG ]  Loading template for "nav.ftl"("en", UTF-8, parsed) from "jar:file:/E:/repository/com/aventstack/extentreports/3.1.1/extentreports-3.1.1.jar!/com/aventstack/extentreports/view/html-report/nav.ftl"
2018-07-27 14:24:14  [ main:12080 ] - [ DEBUG ]  Couldn't find template in cache for "test-view/test-view.ftl"("en", UTF-8, parsed); will try to load it.
2018-07-27 14:24:14  [ main:12080 ] - [ DEBUG ]  TemplateLoader.findTemplateSource("test-view/test-view_en.ftl"): Not found
2018-07-27 14:24:14  [ main:12081 ] - [ DEBUG ]  TemplateLoader.findTemplateSource("test-view/test-view.ftl"): Found
2018-07-27 14:24:14  [ main:12083 ] - [ DEBUG ]  Loading template for "test-view/test-view.ftl"("en", UTF-8, parsed) from "jar:file:/E:/repository/com/aventstack/extentreports/3.1.1/extentreports-3.1.1.jar!/com/aventstack/extentreports/view/html-report/test-view/test-view.ftl"
2018-07-27 14:24:14  [ main:12089 ] - [ DEBUG ]  Couldn't find template in cache for "test-view/test-view-charts.ftl"("en", UTF-8, parsed); will try to load it.
2018-07-27 14:24:14  [ main:12091 ] - [ DEBUG ]  TemplateLoader.findTemplateSource("test-view/test-view-charts_en.ftl"): Not found
2018-07-27 14:24:14  [ main:12091 ] - [ DEBUG ]  TemplateLoader.findTemplateSource("test-view/test-view-charts.ftl"): Found
2018-07-27 14:24:14  [ main:12092 ] - [ DEBUG ]  Loading template for "test-view/test-view-charts.ftl"("en", UTF-8, parsed) from "jar:file:/E:/repository/com/aventstack/extentreports/3.1.1/extentreports-3.1.1.jar!/com/aventstack/extentreports/view/html-report/test-view/test-view-charts.ftl"
2018-07-27 14:24:14  [ main:12100 ] - [ DEBUG ]  Couldn't find template in cache for "test-view/standard.ftl"("en", UTF-8, parsed); will try to load it.
2018-07-27 14:24:14  [ main:12100 ] - [ DEBUG ]  TemplateLoader.findTemplateSource("test-view/standard_en.ftl"): Not found
2018-07-27 14:24:14  [ main:12101 ] - [ DEBUG ]  TemplateLoader.findTemplateSource("test-view/standard.ftl"): Found
2018-07-27 14:24:14  [ main:12101 ] - [ DEBUG ]  Loading template for "test-view/standard.ftl"("en", UTF-8, parsed) from "jar:file:/E:/repository/com/aventstack/extentreports/3.1.1/extentreports-3.1.1.jar!/com/aventstack/extentreports/view/html-report/test-view/standard.ftl"
2018-07-27 14:24:14  [ main:12115 ] - [ DEBUG ]  Couldn't find template in cache for "category-view/category-view.ftl"("en", UTF-8, parsed); will try to load it.
2018-07-27 14:24:14  [ main:12115 ] - [ DEBUG ]  TemplateLoader.findTemplateSource("category-view/category-view_en.ftl"): Not found
2018-07-27 14:24:14  [ main:12115 ] - [ DEBUG ]  TemplateLoader.findTemplateSource("category-view/category-view.ftl"): Found
2018-07-27 14:24:14  [ main:12116 ] - [ DEBUG ]  Loading template for "category-view/category-view.ftl"("en", UTF-8, parsed) from "jar:file:/E:/repository/com/aventstack/extentreports/3.1.1/extentreports-3.1.1.jar!/com/aventstack/extentreports/view/html-report/category-view/category-view.ftl"
2018-07-27 14:24:14  [ main:12118 ] - [ DEBUG ]  Couldn't find template in cache for "author-view/author-view.ftl"("en", UTF-8, parsed); will try to load it.
2018-07-27 14:24:14  [ main:12118 ] - [ DEBUG ]  TemplateLoader.findTemplateSource("author-view/author-view_en.ftl"): Not found
2018-07-27 14:24:14  [ main:12118 ] - [ DEBUG ]  TemplateLoader.findTemplateSource("author-view/author-view.ftl"): Found
2018-07-27 14:24:14  [ main:12119 ] - [ DEBUG ]  Loading template for "author-view/author-view.ftl"("en", UTF-8, parsed) from "jar:file:/E:/repository/com/aventstack/extentreports/3.1.1/extentreports-3.1.1.jar!/com/aventstack/extentreports/view/html-report/author-view/author-view.ftl"
2018-07-27 14:24:14  [ main:12122 ] - [ DEBUG ]  Couldn't find template in cache for "exception-view/exception-view.ftl"("en", UTF-8, parsed); will try to load it.
2018-07-27 14:24:14  [ main:12122 ] - [ DEBUG ]  TemplateLoader.findTemplateSource("exception-view/exception-view_en.ftl"): Not found
2018-07-27 14:24:14  [ main:12123 ] - [ DEBUG ]  TemplateLoader.findTemplateSource("exception-view/exception-view.ftl"): Found
2018-07-27 14:24:14  [ main:12125 ] - [ DEBUG ]  Loading template for "exception-view/exception-view.ftl"("en", UTF-8, parsed) from "jar:file:/E:/repository/com/aventstack/extentreports/3.1.1/extentreports-3.1.1.jar!/com/aventstack/extentreports/view/html-report/exception-view/exception-view.ftl"
2018-07-27 14:24:14  [ main:12130 ] - [ DEBUG ]  Couldn't find template in cache for "dashboard-view/dashboard-view.ftl"("en", UTF-8, parsed); will try to load it.
2018-07-27 14:24:14  [ main:12130 ] - [ DEBUG ]  TemplateLoader.findTemplateSource("dashboard-view/dashboard-view_en.ftl"): Not found
2018-07-27 14:24:14  [ main:12131 ] - [ DEBUG ]  TemplateLoader.findTemplateSource("dashboard-view/dashboard-view.ftl"): Found
2018-07-27 14:24:14  [ main:12131 ] - [ DEBUG ]  Loading template for "dashboard-view/dashboard-view.ftl"("en", UTF-8, parsed) from "jar:file:/E:/repository/com/aventstack/extentreports/3.1.1/extentreports-3.1.1.jar!/com/aventstack/extentreports/view/html-report/dashboard-view/dashboard-view.ftl"
2018-07-27 14:24:14  [ main:12140 ] - [ DEBUG ]  Couldn't find template in cache for "logs-view/testrunner-logs-view.ftl"("en", UTF-8, parsed); will try to load it.
2018-07-27 14:24:14  [ main:12140 ] - [ DEBUG ]  TemplateLoader.findTemplateSource("logs-view/testrunner-logs-view_en.ftl"): Not found
2018-07-27 14:24:14  [ main:12141 ] - [ DEBUG ]  TemplateLoader.findTemplateSource("logs-view/testrunner-logs-view.ftl"): Found
2018-07-27 14:24:14  [ main:12141 ] - [ DEBUG ]  Loading template for "logs-view/testrunner-logs-view.ftl"("en", UTF-8, parsed) from "jar:file:/E:/repository/com/aventstack/extentreports/3.1.1/extentreports-3.1.1.jar!/com/aventstack/extentreports/view/html-report/logs-view/testrunner-logs-view.ftl"
2018-07-27 14:24:14  [ main:12181 ] - [ DEBUG ]  Couldn't find template in cache for "index.ftl"("en", UTF-8, parsed); will try to load it.
2018-07-27 14:24:14  [ main:12181 ] - [ DEBUG ]  TemplateLoader.findTemplateSource("index_en.ftl"): Not found
2018-07-27 14:24:14  [ main:12182 ] - [ DEBUG ]  TemplateLoader.findTemplateSource("index.ftl"): Found
2018-07-27 14:24:14  [ main:12182 ] - [ DEBUG ]  Loading template for "index.ftl"("en", UTF-8, parsed) from "jar:file:/E:/repository/com/aventstack/extentreports/3.1.1/extentreports-3.1.1.jar!/com/aventstack/extentreports/view/html-report/index.ftl"
2018-07-27 14:24:14  [ main:12193 ] - [ DEBUG ]  Couldn't find template in cache for "head.ftl"("en", UTF-8, parsed); will try to load it.
2018-07-27 14:24:14  [ main:12193 ] - [ DEBUG ]  TemplateLoader.findTemplateSource("head_en.ftl"): Not found
2018-07-27 14:24:14  [ main:12194 ] - [ DEBUG ]  TemplateLoader.findTemplateSource("head.ftl"): Found
2018-07-27 14:24:14  [ main:12194 ] - [ DEBUG ]  Loading template for "head.ftl"("en", UTF-8, parsed) from "jar:file:/E:/repository/com/aventstack/extentreports/3.1.1/extentreports-3.1.1.jar!/com/aventstack/extentreports/view/html-report/head.ftl"
2018-07-27 14:24:14  [ main:12196 ] - [ DEBUG ]  Couldn't find template in cache for "nav.ftl"("en", UTF-8, parsed); will try to load it.
2018-07-27 14:24:14  [ main:12197 ] - [ DEBUG ]  TemplateLoader.findTemplateSource("nav_en.ftl"): Not found
2018-07-27 14:24:14  [ main:12198 ] - [ DEBUG ]  TemplateLoader.findTemplateSource("nav.ftl"): Found
2018-07-27 14:24:14  [ main:12198 ] - [ DEBUG ]  Loading template for "nav.ftl"("en", UTF-8, parsed) from "jar:file:/E:/repository/com/aventstack/extentreports/3.1.1/extentreports-3.1.1.jar!/com/aventstack/extentreports/view/html-report/nav.ftl"
2018-07-27 14:24:14  [ main:12200 ] - [ DEBUG ]  Couldn't find template in cache for "test-view/test-view.ftl"("en", UTF-8, parsed); will try to load it.
2018-07-27 14:24:14  [ main:12201 ] - [ DEBUG ]  TemplateLoader.findTemplateSource("test-view/test-view_en.ftl"): Not found
2018-07-27 14:24:14  [ main:12201 ] - [ DEBUG ]  TemplateLoader.findTemplateSource("test-view/test-view.ftl"): Found
2018-07-27 14:24:14  [ main:12202 ] - [ DEBUG ]  Loading template for "test-view/test-view.ftl"("en", UTF-8, parsed) from "jar:file:/E:/repository/com/aventstack/extentreports/3.1.1/extentreports-3.1.1.jar!/com/aventstack/extentreports/view/html-report/test-view/test-view.ftl"
2018-07-27 14:24:14  [ main:12206 ] - [ DEBUG ]  Couldn't find template in cache for "test-view/test-view-charts.ftl"("en", UTF-8, parsed); will try to load it.
2018-07-27 14:24:14  [ main:12206 ] - [ DEBUG ]  TemplateLoader.findTemplateSource("test-view/test-view-charts_en.ftl"): Not found
2018-07-27 14:24:14  [ main:12206 ] - [ DEBUG ]  TemplateLoader.findTemplateSource("test-view/test-view-charts.ftl"): Found
2018-07-27 14:24:14  [ main:12207 ] - [ DEBUG ]  Loading template for "test-view/test-view-charts.ftl"("en", UTF-8, parsed) from "jar:file:/E:/repository/com/aventstack/extentreports/3.1.1/extentreports-3.1.1.jar!/com/aventstack/extentreports/view/html-report/test-view/test-view-charts.ftl"
2018-07-27 14:24:14  [ main:12211 ] - [ DEBUG ]  Couldn't find template in cache for "test-view/standard.ftl"("en", UTF-8, parsed); will try to load it.
2018-07-27 14:24:14  [ main:12211 ] - [ DEBUG ]  TemplateLoader.findTemplateSource("test-view/standard_en.ftl"): Not found
2018-07-27 14:24:14  [ main:12212 ] - [ DEBUG ]  TemplateLoader.findTemplateSource("test-view/standard.ftl"): Found
2018-07-27 14:24:14  [ main:12212 ] - [ DEBUG ]  Loading template for "test-view/standard.ftl"("en", UTF-8, parsed) from "jar:file:/E:/repository/com/aventstack/extentreports/3.1.1/extentreports-3.1.1.jar!/com/aventstack/extentreports/view/html-report/test-view/standard.ftl"
2018-07-27 14:24:14  [ main:12217 ] - [ DEBUG ]  "test-view/standard.ftl"("en", UTF-8, parsed) cached copy not yet stale; using cached.
2018-07-27 14:24:14  [ main:12217 ] - [ DEBUG ]  Couldn't find template in cache for "category-view/category-view.ftl"("en", UTF-8, parsed); will try to load it.
2018-07-27 14:24:14  [ main:12218 ] - [ DEBUG ]  TemplateLoader.findTemplateSource("category-view/category-view_en.ftl"): Not found
2018-07-27 14:24:14  [ main:12219 ] - [ DEBUG ]  TemplateLoader.findTemplateSource("category-view/category-view.ftl"): Found
2018-07-27 14:24:14  [ main:12219 ] - [ DEBUG ]  Loading template for "category-view/category-view.ftl"("en", UTF-8, parsed) from "jar:file:/E:/repository/com/aventstack/extentreports/3.1.1/extentreports-3.1.1.jar!/com/aventstack/extentreports/view/html-report/category-view/category-view.ftl"
2018-07-27 14:24:14  [ main:12221 ] - [ DEBUG ]  Couldn't find template in cache for "author-view/author-view.ftl"("en", UTF-8, parsed); will try to load it.
2018-07-27 14:24:14  [ main:12222 ] - [ DEBUG ]  TemplateLoader.findTemplateSource("author-view/author-view_en.ftl"): Not found
2018-07-27 14:24:14  [ main:12222 ] - [ DEBUG ]  TemplateLoader.findTemplateSource("author-view/author-view.ftl"): Found
2018-07-27 14:24:14  [ main:12222 ] - [ DEBUG ]  Loading template for "author-view/author-view.ftl"("en", UTF-8, parsed) from "jar:file:/E:/repository/com/aventstack/extentreports/3.1.1/extentreports-3.1.1.jar!/com/aventstack/extentreports/view/html-report/author-view/author-view.ftl"
2018-07-27 14:24:14  [ main:12225 ] - [ DEBUG ]  Couldn't find template in cache for "exception-view/exception-view.ftl"("en", UTF-8, parsed); will try to load it.
2018-07-27 14:24:14  [ main:12225 ] - [ DEBUG ]  TemplateLoader.findTemplateSource("exception-view/exception-view_en.ftl"): Not found
2018-07-27 14:24:14  [ main:12226 ] - [ DEBUG ]  TemplateLoader.findTemplateSource("exception-view/exception-view.ftl"): Found
2018-07-27 14:24:14  [ main:12226 ] - [ DEBUG ]  Loading template for "exception-view/exception-view.ftl"("en", UTF-8, parsed) from "jar:file:/E:/repository/com/aventstack/extentreports/3.1.1/extentreports-3.1.1.jar!/com/aventstack/extentreports/view/html-report/exception-view/exception-view.ftl"
2018-07-27 14:24:14  [ main:12229 ] - [ DEBUG ]  Couldn't find template in cache for "dashboard-view/dashboard-view.ftl"("en", UTF-8, parsed); will try to load it.
2018-07-27 14:24:14  [ main:12229 ] - [ DEBUG ]  TemplateLoader.findTemplateSource("dashboard-view/dashboard-view_en.ftl"): Not found
2018-07-27 14:24:14  [ main:12230 ] - [ DEBUG ]  TemplateLoader.findTemplateSource("dashboard-view/dashboard-view.ftl"): Found
2018-07-27 14:24:14  [ main:12230 ] - [ DEBUG ]  Loading template for "dashboard-view/dashboard-view.ftl"("en", UTF-8, parsed) from "jar:file:/E:/repository/com/aventstack/extentreports/3.1.1/extentreports-3.1.1.jar!/com/aventstack/extentreports/view/html-report/dashboard-view/dashboard-view.ftl"
2018-07-27 14:24:14  [ main:12232 ] - [ DEBUG ]  Couldn't find template in cache for "logs-view/testrunner-logs-view.ftl"("en", UTF-8, parsed); will try to load it.
2018-07-27 14:24:14  [ main:12233 ] - [ DEBUG ]  TemplateLoader.findTemplateSource("logs-view/testrunner-logs-view_en.ftl"): Not found
2018-07-27 14:24:14  [ main:12233 ] - [ DEBUG ]  TemplateLoader.findTemplateSource("logs-view/testrunner-logs-view.ftl"): Found
2018-07-27 14:24:14  [ main:12233 ] - [ DEBUG ]  Loading template for "logs-view/testrunner-logs-view.ftl"("en", UTF-8, parsed) from "jar:file:/E:/repository/com/aventstack/extentreports/3.1.1/extentreports-3.1.1.jar!/com/aventstack/extentreports/view/html-report/logs-view/testrunner-logs-view.ftl"
2018-07-27 14:34:37  [ main:0 ] - [ INFO ]  濮2
2018-07-27 14:34:37  [ main:0 ] - [ INFO ]  濮2
2018-07-27 14:34:49  [ main:11840 ] - [ DEBUG ]  Couldn't find template in cache for "index.ftl"("en", UTF-8, parsed); will try to load it.
2018-07-27 14:34:49  [ main:11842 ] - [ DEBUG ]  TemplateLoader.findTemplateSource("index_en.ftl"): Not found
2018-07-27 14:34:49  [ main:11844 ] - [ DEBUG ]  TemplateLoader.findTemplateSource("index.ftl"): Found
2018-07-27 14:34:49  [ main:11845 ] - [ DEBUG ]  Loading template for "index.ftl"("en", UTF-8, parsed) from "jar:file:/E:/repository/com/aventstack/extentreports/3.1.1/extentreports-3.1.1.jar!/com/aventstack/extentreports/view/html-report/index.ftl"
2018-07-27 14:34:49  [ main:12009 ] - [ DEBUG ]  Couldn't find template in cache for "head.ftl"("en", UTF-8, parsed); will try to load it.
2018-07-27 14:34:49  [ main:12009 ] - [ DEBUG ]  TemplateLoader.findTemplateSource("head_en.ftl"): Not found
2018-07-27 14:34:49  [ main:12010 ] - [ DEBUG ]  TemplateLoader.findTemplateSource("head.ftl"): Found
2018-07-27 14:34:49  [ main:12010 ] - [ DEBUG ]  Loading template for "head.ftl"("en", UTF-8, parsed) from "jar:file:/E:/repository/com/aventstack/extentreports/3.1.1/extentreports-3.1.1.jar!/com/aventstack/extentreports/view/html-report/head.ftl"
2018-07-27 14:34:49  [ main:12013 ] - [ DEBUG ]  Couldn't find template in cache for "nav.ftl"("en", UTF-8, parsed); will try to load it.
2018-07-27 14:34:49  [ main:12014 ] - [ DEBUG ]  TemplateLoader.findTemplateSource("nav_en.ftl"): Not found
2018-07-27 14:34:49  [ main:12014 ] - [ DEBUG ]  TemplateLoader.findTemplateSource("nav.ftl"): Found
2018-07-27 14:34:49  [ main:12014 ] - [ DEBUG ]  Loading template for "nav.ftl"("en", UTF-8, parsed) from "jar:file:/E:/repository/com/aventstack/extentreports/3.1.1/extentreports-3.1.1.jar!/com/aventstack/extentreports/view/html-report/nav.ftl"
2018-07-27 14:34:49  [ main:12023 ] - [ DEBUG ]  Couldn't find template in cache for "test-view/test-view.ftl"("en", UTF-8, parsed); will try to load it.
2018-07-27 14:34:49  [ main:12023 ] - [ DEBUG ]  TemplateLoader.findTemplateSource("test-view/test-view_en.ftl"): Not found
2018-07-27 14:34:49  [ main:12024 ] - [ DEBUG ]  TemplateLoader.findTemplateSource("test-view/test-view.ftl"): Found
2018-07-27 14:34:49  [ main:12025 ] - [ DEBUG ]  Loading template for "test-view/test-view.ftl"("en", UTF-8, parsed) from "jar:file:/E:/repository/com/aventstack/extentreports/3.1.1/extentreports-3.1.1.jar!/com/aventstack/extentreports/view/html-report/test-view/test-view.ftl"
2018-07-27 14:34:49  [ main:12031 ] - [ DEBUG ]  Couldn't find template in cache for "test-view/test-view-charts.ftl"("en", UTF-8, parsed); will try to load it.
2018-07-27 14:34:49  [ main:12031 ] - [ DEBUG ]  TemplateLoader.findTemplateSource("test-view/test-view-charts_en.ftl"): Not found
2018-07-27 14:34:49  [ main:12031 ] - [ DEBUG ]  TemplateLoader.findTemplateSource("test-view/test-view-charts.ftl"): Found
2018-07-27 14:34:49  [ main:12032 ] - [ DEBUG ]  Loading template for "test-view/test-view-charts.ftl"("en", UTF-8, parsed) from "jar:file:/E:/repository/com/aventstack/extentreports/3.1.1/extentreports-3.1.1.jar!/com/aventstack/extentreports/view/html-report/test-view/test-view-charts.ftl"
2018-07-27 14:34:49  [ main:12040 ] - [ DEBUG ]  Couldn't find template in cache for "test-view/standard.ftl"("en", UTF-8, parsed); will try to load it.
2018-07-27 14:34:49  [ main:12041 ] - [ DEBUG ]  TemplateLoader.findTemplateSource("test-view/standard_en.ftl"): Not found
2018-07-27 14:34:49  [ main:12041 ] - [ DEBUG ]  TemplateLoader.findTemplateSource("test-view/standard.ftl"): Found
2018-07-27 14:34:49  [ main:12041 ] - [ DEBUG ]  Loading template for "test-view/standard.ftl"("en", UTF-8, parsed) from "jar:file:/E:/repository/com/aventstack/extentreports/3.1.1/extentreports-3.1.1.jar!/com/aventstack/extentreports/view/html-report/test-view/standard.ftl"
2018-07-27 14:34:49  [ main:12051 ] - [ DEBUG ]  Couldn't find template in cache for "category-view/category-view.ftl"("en", UTF-8, parsed); will try to load it.
2018-07-27 14:34:49  [ main:12051 ] - [ DEBUG ]  TemplateLoader.findTemplateSource("category-view/category-view_en.ftl"): Not found
2018-07-27 14:34:49  [ main:12052 ] - [ DEBUG ]  TemplateLoader.findTemplateSource("category-view/category-view.ftl"): Found
2018-07-27 14:34:49  [ main:12052 ] - [ DEBUG ]  Loading template for "category-view/category-view.ftl"("en", UTF-8, parsed) from "jar:file:/E:/repository/com/aventstack/extentreports/3.1.1/extentreports-3.1.1.jar!/com/aventstack/extentreports/view/html-report/category-view/category-view.ftl"
2018-07-27 14:34:49  [ main:12054 ] - [ DEBUG ]  Couldn't find template in cache for "author-view/author-view.ftl"("en", UTF-8, parsed); will try to load it.
2018-07-27 14:34:49  [ main:12055 ] - [ DEBUG ]  TemplateLoader.findTemplateSource("author-view/author-view_en.ftl"): Not found
2018-07-27 14:34:49  [ main:12055 ] - [ DEBUG ]  TemplateLoader.findTemplateSource("author-view/author-view.ftl"): Found
2018-07-27 14:34:49  [ main:12055 ] - [ DEBUG ]  Loading template for "author-view/author-view.ftl"("en", UTF-8, parsed) from "jar:file:/E:/repository/com/aventstack/extentreports/3.1.1/extentreports-3.1.1.jar!/com/aventstack/extentreports/view/html-report/author-view/author-view.ftl"
2018-07-27 14:34:49  [ main:12058 ] - [ DEBUG ]  Couldn't find template in cache for "exception-view/exception-view.ftl"("en", UTF-8, parsed); will try to load it.
2018-07-27 14:34:49  [ main:12058 ] - [ DEBUG ]  TemplateLoader.findTemplateSource("exception-view/exception-view_en.ftl"): Not found
2018-07-27 14:34:49  [ main:12058 ] - [ DEBUG ]  TemplateLoader.findTemplateSource("exception-view/exception-view.ftl"): Found
2018-07-27 14:34:49  [ main:12059 ] - [ DEBUG ]  Loading template for "exception-view/exception-view.ftl"("en", UTF-8, parsed) from "jar:file:/E:/repository/com/aventstack/extentreports/3.1.1/extentreports-3.1.1.jar!/com/aventstack/extentreports/view/html-report/exception-view/exception-view.ftl"
2018-07-27 14:34:49  [ main:12063 ] - [ DEBUG ]  Couldn't find template in cache for "dashboard-view/dashboard-view.ftl"("en", UTF-8, parsed); will try to load it.
2018-07-27 14:34:49  [ main:12063 ] - [ DEBUG ]  TemplateLoader.findTemplateSource("dashboard-view/dashboard-view_en.ftl"): Not found
2018-07-27 14:34:49  [ main:12064 ] - [ DEBUG ]  TemplateLoader.findTemplateSource("dashboard-view/dashboard-view.ftl"): Found
2018-07-27 14:34:49  [ main:12064 ] - [ DEBUG ]  Loading template for "dashboard-view/dashboard-view.ftl"("en", UTF-8, parsed) from "jar:file:/E:/repository/com/aventstack/extentreports/3.1.1/extentreports-3.1.1.jar!/com/aventstack/extentreports/view/html-report/dashboard-view/dashboard-view.ftl"
2018-07-27 14:34:49  [ main:12066 ] - [ DEBUG ]  Couldn't find template in cache for "logs-view/testrunner-logs-view.ftl"("en", UTF-8, parsed); will try to load it.
2018-07-27 14:34:49  [ main:12067 ] - [ DEBUG ]  TemplateLoader.findTemplateSource("logs-view/testrunner-logs-view_en.ftl"): Not found
2018-07-27 14:34:49  [ main:12067 ] - [ DEBUG ]  TemplateLoader.findTemplateSource("logs-view/testrunner-logs-view.ftl"): Found
2018-07-27 14:34:49  [ main:12067 ] - [ DEBUG ]  Loading template for "logs-view/testrunner-logs-view.ftl"("en", UTF-8, parsed) from "jar:file:/E:/repository/com/aventstack/extentreports/3.1.1/extentreports-3.1.1.jar!/com/aventstack/extentreports/view/html-report/logs-view/testrunner-logs-view.ftl"
2018-07-27 14:36:04  [ main:0 ] - [ INFO ]  濮2
2018-07-27 14:36:04  [ main:0 ] - [ INFO ]  濮2
2018-07-27 14:36:16  [ main:12108 ] - [ DEBUG ]  Couldn't find template in cache for "index.ftl"("en", UTF-8, parsed); will try to load it.
2018-07-27 14:36:16  [ main:12109 ] - [ DEBUG ]  TemplateLoader.findTemplateSource("index_en.ftl"): Not found
2018-07-27 14:36:16  [ main:12110 ] - [ DEBUG ]  TemplateLoader.findTemplateSource("index.ftl"): Found
2018-07-27 14:36:16  [ main:12110 ] - [ DEBUG ]  Loading template for "index.ftl"("en", UTF-8, parsed) from "jar:file:/E:/repository/com/aventstack/extentreports/3.1.1/extentreports-3.1.1.jar!/com/aventstack/extentreports/view/html-report/index.ftl"
2018-07-27 14:36:16  [ main:12270 ] - [ DEBUG ]  Couldn't find template in cache for "head.ftl"("en", UTF-8, parsed); will try to load it.
2018-07-27 14:36:16  [ main:12271 ] - [ DEBUG ]  TemplateLoader.findTemplateSource("head_en.ftl"): Not found
2018-07-27 14:36:16  [ main:12271 ] - [ DEBUG ]  TemplateLoader.findTemplateSource("head.ftl"): Found
2018-07-27 14:36:16  [ main:12271 ] - [ DEBUG ]  Loading template for "head.ftl"("en", UTF-8, parsed) from "jar:file:/E:/repository/com/aventstack/extentreports/3.1.1/extentreports-3.1.1.jar!/com/aventstack/extentreports/view/html-report/head.ftl"
2018-07-27 14:36:16  [ main:12273 ] - [ DEBUG ]  Couldn't find template in cache for "nav.ftl"("en", UTF-8, parsed); will try to load it.
2018-07-27 14:36:16  [ main:12274 ] - [ DEBUG ]  TemplateLoader.findTemplateSource("nav_en.ftl"): Not found
2018-07-27 14:36:16  [ main:12274 ] - [ DEBUG ]  TemplateLoader.findTemplateSource("nav.ftl"): Found
2018-07-27 14:36:16  [ main:12274 ] - [ DEBUG ]  Loading template for "nav.ftl"("en", UTF-8, parsed) from "jar:file:/E:/repository/com/aventstack/extentreports/3.1.1/extentreports-3.1.1.jar!/com/aventstack/extentreports/view/html-report/nav.ftl"
2018-07-27 14:36:16  [ main:12279 ] - [ DEBUG ]  Couldn't find template in cache for "test-view/test-view.ftl"("en", UTF-8, parsed); will try to load it.
2018-07-27 14:36:16  [ main:12279 ] - [ DEBUG ]  TemplateLoader.findTemplateSource("test-view/test-view_en.ftl"): Not found
2018-07-27 14:36:16  [ main:12279 ] - [ DEBUG ]  TemplateLoader.findTemplateSource("test-view/test-view.ftl"): Found
2018-07-27 14:36:16  [ main:12279 ] - [ DEBUG ]  Loading template for "test-view/test-view.ftl"("en", UTF-8, parsed) from "jar:file:/E:/repository/com/aventstack/extentreports/3.1.1/extentreports-3.1.1.jar!/com/aventstack/extentreports/view/html-report/test-view/test-view.ftl"
2018-07-27 14:36:16  [ main:12286 ] - [ DEBUG ]  Couldn't find template in cache for "test-view/test-view-charts.ftl"("en", UTF-8, parsed); will try to load it.
2018-07-27 14:36:16  [ main:12286 ] - [ DEBUG ]  TemplateLoader.findTemplateSource("test-view/test-view-charts_en.ftl"): Not found
2018-07-27 14:36:16  [ main:12286 ] - [ DEBUG ]  TemplateLoader.findTemplateSource("test-view/test-view-charts.ftl"): Found
2018-07-27 14:36:16  [ main:12286 ] - [ DEBUG ]  Loading template for "test-view/test-view-charts.ftl"("en", UTF-8, parsed) from "jar:file:/E:/repository/com/aventstack/extentreports/3.1.1/extentreports-3.1.1.jar!/com/aventstack/extentreports/view/html-report/test-view/test-view-charts.ftl"
2018-07-27 14:36:16  [ main:12297 ] - [ DEBUG ]  Couldn't find template in cache for "test-view/standard.ftl"("en", UTF-8, parsed); will try to load it.
2018-07-27 14:36:16  [ main:12298 ] - [ DEBUG ]  TemplateLoader.findTemplateSource("test-view/standard_en.ftl"): Not found
2018-07-27 14:36:16  [ main:12298 ] - [ DEBUG ]  TemplateLoader.findTemplateSource("test-view/standard.ftl"): Found
2018-07-27 14:36:16  [ main:12298 ] - [ DEBUG ]  Loading template for "test-view/standard.ftl"("en", UTF-8, parsed) from "jar:file:/E:/repository/com/aventstack/extentreports/3.1.1/extentreports-3.1.1.jar!/com/aventstack/extentreports/view/html-report/test-view/standard.ftl"
2018-07-27 14:36:16  [ main:12308 ] - [ DEBUG ]  Couldn't find template in cache for "category-view/category-view.ftl"("en", UTF-8, parsed); will try to load it.
2018-07-27 14:36:16  [ main:12308 ] - [ DEBUG ]  TemplateLoader.findTemplateSource("category-view/category-view_en.ftl"): Not found
2018-07-27 14:36:16  [ main:12309 ] - [ DEBUG ]  TemplateLoader.findTemplateSource("category-view/category-view.ftl"): Found
2018-07-27 14:36:16  [ main:12309 ] - [ DEBUG ]  Loading template for "category-view/category-view.ftl"("en", UTF-8, parsed) from "jar:file:/E:/repository/com/aventstack/extentreports/3.1.1/extentreports-3.1.1.jar!/com/aventstack/extentreports/view/html-report/category-view/category-view.ftl"
2018-07-27 14:36:16  [ main:12311 ] - [ DEBUG ]  Couldn't find template in cache for "author-view/author-view.ftl"("en", UTF-8, parsed); will try to load it.
2018-07-27 14:36:16  [ main:12311 ] - [ DEBUG ]  TemplateLoader.findTemplateSource("author-view/author-view_en.ftl"): Not found
2018-07-27 14:36:16  [ main:12311 ] - [ DEBUG ]  TemplateLoader.findTemplateSource("author-view/author-view.ftl"): Found
2018-07-27 14:36:16  [ main:12311 ] - [ DEBUG ]  Loading template for "author-view/author-view.ftl"("en", UTF-8, parsed) from "jar:file:/E:/repository/com/aventstack/extentreports/3.1.1/extentreports-3.1.1.jar!/com/aventstack/extentreports/view/html-report/author-view/author-view.ftl"
2018-07-27 14:36:16  [ main:12317 ] - [ DEBUG ]  Couldn't find template in cache for "exception-view/exception-view.ftl"("en", UTF-8, parsed); will try to load it.
2018-07-27 14:36:16  [ main:12317 ] - [ DEBUG ]  TemplateLoader.findTemplateSource("exception-view/exception-view_en.ftl"): Not found
2018-07-27 14:36:16  [ main:12317 ] - [ DEBUG ]  TemplateLoader.findTemplateSource("exception-view/exception-view.ftl"): Found
2018-07-27 14:36:16  [ main:12317 ] - [ DEBUG ]  Loading template for "exception-view/exception-view.ftl"("en", UTF-8, parsed) from "jar:file:/E:/repository/com/aventstack/extentreports/3.1.1/extentreports-3.1.1.jar!/com/aventstack/extentreports/view/html-report/exception-view/exception-view.ftl"
2018-07-27 14:36:16  [ main:12324 ] - [ DEBUG ]  Couldn't find template in cache for "dashboard-view/dashboard-view.ftl"("en", UTF-8, parsed); will try to load it.
2018-07-27 14:36:16  [ main:12324 ] - [ DEBUG ]  TemplateLoader.findTemplateSource("dashboard-view/dashboard-view_en.ftl"): Not found
2018-07-27 14:36:16  [ main:12324 ] - [ DEBUG ]  TemplateLoader.findTemplateSource("dashboard-view/dashboard-view.ftl"): Found
2018-07-27 14:36:16  [ main:12324 ] - [ DEBUG ]  Loading template for "dashboard-view/dashboard-view.ftl"("en", UTF-8, parsed) from "jar:file:/E:/repository/com/aventstack/extentreports/3.1.1/extentreports-3.1.1.jar!/com/aventstack/extentreports/view/html-report/dashboard-view/dashboard-view.ftl"
2018-07-27 14:36:16  [ main:12326 ] - [ DEBUG ]  Couldn't find template in cache for "logs-view/testrunner-logs-view.ftl"("en", UTF-8, parsed); will try to load it.
2018-07-27 14:36:16  [ main:12327 ] - [ DEBUG ]  TemplateLoader.findTemplateSource("logs-view/testrunner-logs-view_en.ftl"): Not found
2018-07-27 14:36:16  [ main:12327 ] - [ DEBUG ]  TemplateLoader.findTemplateSource("logs-view/testrunner-logs-view.ftl"): Found
2018-07-27 14:36:16  [ main:12327 ] - [ DEBUG ]  Loading template for "logs-view/testrunner-logs-view.ftl"("en", UTF-8, parsed) from "jar:file:/E:/repository/com/aventstack/extentreports/3.1.1/extentreports-3.1.1.jar!/com/aventstack/extentreports/view/html-report/logs-view/testrunner-logs-view.ftl"
2018-07-27 14:37:38  [ main:0 ] - [ INFO ]  濮2
2018-07-27 14:37:38  [ main:0 ] - [ INFO ]  濮2
